<?xml version="1.0" encoding="UTF-8"?>
<!-- Generated by org.testng.reporters.JUnitReportReporter -->
<testsuite hostname="DESKTOP-H508BLN" failures="0" tests="1" name="com.testNG.RunTestNG" time="107.696" errors="0" timestamp="2022-09-08T15:59:52 COT" skipped="0">
  <testcase classname="com.testNG.RunTestNG" name="pruebaInicialTestNG" time="107.696"/>
  <system-out/>
</testsuite> <!-- com.testNG.RunTestNG -->
